#
# A fatal error has been detected by the Java Runtime Environment:
#
#  EXCEPTION_ACCESS_VIOLATION (0xc0000005) at pc=0x00007ffd3567cddc, pid=9992, tid=7348
#
# JRE version: Java(TM) SE Runtime Environment (12.0.1+12) (build 12.0.1+12)
# Java VM: Java HotSpot(TM) 64-Bit Server VM (12.0.1+12, mixed mode, sharing, tiered, compressed oops, g1 gc, windows-amd64)
# Problematic frame:
# V  [jvm.dll+0x34cddc]
#
# No core dump will be written. Minidumps are not enabled by default on client versions of Windows
#
# If you would like to submit a bug report, please visit:
#   http://bugreport.java.com/bugreport/crash.jsp
#

---------------  S U M M A R Y ------------

Command Line: -agentlib:jdwp=transport=dt_socket,suspend=y,address=localhost:54478 -javaagent:C:\Users\Luiz Carlos Moitinho\eclipse\java-2019-06\eclipse\configuration\org.eclipse.osgi\226\0\.cp\lib\javaagent-shaded.jar -Dfile.encoding=Cp1252 Main

Host: Intel(R) Core(TM) i5-8250U CPU @ 1.60GHz, 8 cores, 7G,  Windows 10 , 64 bit Build 17763 (10.0.17763.475)
Time: Tue Oct 29 22:01:03 2019 Hora Padrão de Buenos Aires elapsed time: 320 seconds (0d 0h 5m 20s)

---------------  T H R E A D  ---------------

Current thread (0x000001df36c63800):  VMThread "VM Thread" [stack: 0x0000002ae3d00000,0x0000002ae3e00000] [id=7348]

Stack: [0x0000002ae3d00000,0x0000002ae3e00000],  sp=0x0000002ae3dff070,  free space=1020k
Native frames: (J=compiled Java code, j=interpreted, Vv=VM code, C=native code)
V  [jvm.dll+0x34cddc]
V  [jvm.dll+0x34f2a1]
V  [jvm.dll+0x34fb6e]
V  [jvm.dll+0x34d07c]
V  [jvm.dll+0x34c2b2]
V  [jvm.dll+0x628425]
V  [jvm.dll+0x6281ad]
V  [jvm.dll+0x5ef77a]
V  [jvm.dll+0x504387]
V  [jvm.dll+0x78dccc]
V  [jvm.dll+0x791b27]
V  [jvm.dll+0x792366]
V  [jvm.dll+0x792697]
V  [jvm.dll+0x748648]
V  [jvm.dll+0x638566]
C  [ucrtbase.dll+0x21ffa]
C  [KERNEL32.DLL+0x17974]
C  [ntdll.dll+0x6a271]


siginfo: EXCEPTION_ACCESS_VIOLATION (0xc0000005), reading address 0x0000000000000006


Register to memory mapping:

RIP=0x00007ffd3567cddc jvm.dll
RAX=0x0 is NULL
RBX=0x0000002ae3dff2f0 points into unknown readable memory: 58 b4 c0 35 fd 7f 00 00
RCX=0x0 is NULL
RDX=0x0 is NULL
RSP=0x0000002ae3dff070 points into unknown readable memory: c5 b6 11 37 df 01 00 00
RBP=0x0 is NULL
RSI=0x0000000000000001 is an unknown value
RDI=0x00007ffd35dc3bd8 jvm.dll
R8 =0x0 is NULL
R9 =0x000001df3711c9b8 is pointing into metadata
R10=0x00007ffd35330000 jvm.dll
R11=0x000001df37708a00 points into unknown readable memory: 00 00 00 47 ff ff ff 8f
R12=0x000001df377089b0 points into unknown readable memory: 00 00 00 00 4b 03 00 00
R13=0x00000000000009b0 is an unknown value
R14=0x000001df3711b9f9 is pointing into metadata
R15=0x000000000000035a is an unknown value


Registers:
RAX=0x0000000000000000, RBX=0x0000002ae3dff2f0, RCX=0x0000000000000000, RDX=0x0000000000000000
RSP=0x0000002ae3dff070, RBP=0x0000000000000000, RSI=0x0000000000000001, RDI=0x00007ffd35dc3bd8
R8 =0x0000000000000000, R9 =0x000001df3711c9b8, R10=0x00007ffd35330000, R11=0x000001df37708a00
R12=0x000001df377089b0, R13=0x00000000000009b0, R14=0x000001df3711b9f9, R15=0x000000000000035a
RIP=0x00007ffd3567cddc, EFLAGS=0x0000000000010206

Top of Stack: (sp=0x0000002ae3dff070)
0x0000002ae3dff070:   000001df3711b6c5 00007ffd3545aa9e
0x0000002ae3dff080:   000001df377089d8 0000000000000363
0x0000002ae3dff090:   000000004fffffff 00007ffd35681307
0x0000002ae3dff0a0:   000000004600034e 00007ffd35680a9e
0x0000002ae3dff0b0:   00006db8a3748a9b 00007ffd35680a90
0x0000002ae3dff0c0:   000001df3711b9f9 0000002ae3dff150
0x0000002ae3dff0d0:   0000002ae3dff2f0 00007ffd3567f2a1
0x0000002ae3dff0e0:   000001df3711b9f5 0000000000000351
0x0000002ae3dff0f0:   0000002ae3dff180 00007ffd35454ebe
0x0000002ae3dff100:   0000002a00000351 0000002ae3dff180
0x0000002ae3dff110:   000000000000035a 00000000000000b4
0x0000002ae3dff120:   00000000000000b4 00007ffd3567fb6e
0x0000002ae3dff130:   0000002ae3dff2f0 0000002ae3dff180
0x0000002ae3dff140:   000001df3711b9f9 6666666666666667
0x0000002ae3dff150:   000001df3711bae8 000001df36c63800
0x0000002ae3dff160:   0000035400000351 000000b40000035a 

Instructions: (pc=0x00007ffd3567cddc)
0x00007ffd3567cdbc:   8b cf e8 5d e1 f0 ff 8b d0 48 8b cf e8 83 11 f1
0x00007ffd3567cdcc:   ff 48 63 c8 48 8b 44 cf 40 48 8d 3d fc 6d 74 00
0x00007ffd3567cddc:   0f b6 48 06 8b 05 ee 6d 74 00 80 f9 4c 74 2b 80
0x00007ffd3567cdec:   f9 5b 74 26 80 f9 4a 74 18 80 f9 44 74 13 80 f9 


Stack slot to memory mapping:
stack at sp + 0 slots: 0x000001df3711b6c5 is pointing into metadata
stack at sp + 1 slots: 0x00007ffd3545aa9e jvm.dll
stack at sp + 2 slots: 0x000001df377089d8 points into unknown readable memory: 00 00 00 00 5a 03 00 00
stack at sp + 3 slots: 0x0000000000000363 is an unknown value
stack at sp + 4 slots: 0x000000004fffffff is an unknown value
stack at sp + 5 slots: 0x00007ffd35681307 jvm.dll
stack at sp + 6 slots: 0x000000004600034e is an unknown value
stack at sp + 7 slots: 0x00007ffd35680a9e jvm.dll

VM_Operation (0x0000002ae46ff270): GetOrSetLocal, mode: safepoint, requested by thread 0x000001df377e3800


---------------  P R O C E S S  ---------------

Threads class SMR info:
_java_thread_list=0x000001df3785c9f0, length=13, elements={
0x000001df15fd9000, 0x000001df36c65000, 0x000001df36c66800, 0x000001df36c7f000,
0x000001df36c82800, 0x000001df36c8d800, 0x000001df36c94000, 0x000001df36ca0800,
0x000001df36c4c000, 0x000001df377e3800, 0x000001df377eb000, 0x000001df37819000,
0x000001df378c1000
}

Java Threads: ( => current thread )
  0x000001df15fd9000 JavaThread "main" [_thread_blocked, id=18332, stack(0x0000002ae3700000,0x0000002ae3800000)]
  0x000001df36c65000 JavaThread "Reference Handler" daemon [_thread_blocked, id=13460, stack(0x0000002ae3e00000,0x0000002ae3f00000)]
  0x000001df36c66800 JavaThread "Finalizer" daemon [_thread_blocked, id=456, stack(0x0000002ae3f00000,0x0000002ae4000000)]
  0x000001df36c7f000 JavaThread "Signal Dispatcher" daemon [_thread_blocked, id=1376, stack(0x0000002ae4000000,0x0000002ae4100000)]
  0x000001df36c82800 JavaThread "Attach Listener" daemon [_thread_blocked, id=1116, stack(0x0000002ae4100000,0x0000002ae4200000)]
  0x000001df36c8d800 JavaThread "C2 CompilerThread0" daemon [_thread_blocked, id=5136, stack(0x0000002ae4200000,0x0000002ae4300000)]
  0x000001df36c94000 JavaThread "C1 CompilerThread0" daemon [_thread_blocked, id=10104, stack(0x0000002ae4300000,0x0000002ae4400000)]
  0x000001df36ca0800 JavaThread "Sweeper thread" daemon [_thread_blocked, id=9696, stack(0x0000002ae4400000,0x0000002ae4500000)]
  0x000001df36c4c000 JavaThread "Common-Cleaner" daemon [_thread_blocked, id=13764, stack(0x0000002ae4500000,0x0000002ae4600000)]
  0x000001df377e3800 JavaThread "JDWP Transport Listener: dt_socket" daemon [_thread_blocked, id=15680, stack(0x0000002ae4600000,0x0000002ae4700000)] _threads_hazard_ptr=0x000001df3785c9f0
  0x000001df377eb000 JavaThread "JDWP Event Helper Thread" daemon [_thread_blocked, id=15392, stack(0x0000002ae4700000,0x0000002ae4800000)]
  0x000001df37819000 JavaThread "JDWP Command Reader" daemon [_thread_in_native, id=5160, stack(0x0000002ae4800000,0x0000002ae4900000)]
  0x000001df378c1000 JavaThread "Service Thread" daemon [_thread_blocked, id=2484, stack(0x0000002ae4900000,0x0000002ae4a00000)]

Other Threads:
=>0x000001df36c63800 VMThread "VM Thread" [stack: 0x0000002ae3d00000,0x0000002ae3e00000] [id=7348]
  0x000001df378d1800 WatcherThread [stack: 0x0000002ae4a00000,0x0000002ae4b00000] [id=15264]
  0x000001df16016800 GCTaskThread "GC Thread#0" [stack: 0x0000002ae3800000,0x0000002ae3900000] [id=14112]
  0x000001df16026800 ConcurrentGCThread "G1 Main Marker" [stack: 0x0000002ae3900000,0x0000002ae3a00000] [id=14184]
  0x000001df16028000 ConcurrentGCThread "G1 Conc#0" [stack: 0x0000002ae3a00000,0x0000002ae3b00000] [id=16480]
  0x000001df36ae0800 ConcurrentGCThread "G1 Refine#0" [stack: 0x0000002ae3b00000,0x0000002ae3c00000] [id=7520]
  0x000001df36ae1800 ConcurrentGCThread "G1 Young RemSet Sampling" [stack: 0x0000002ae3c00000,0x0000002ae3d00000] [id=11720]

Threads with active compile tasks:

VM state:at safepoint (normal execution)

VM Mutex/Monitor currently owned by a thread:  ([mutex/lock_event])
[0x000001df15fd4400] Threads_lock - owner thread: 0x000001df36c63800

Heap address: 0x0000000081600000, size: 2026 MB, Compressed Oops mode: 32-bit
Narrow klass base: 0x0000000800000000, Narrow klass shift: 3
Compressed class space size: 1073741824 Address: 0x00000008011a0000

Heap:
 garbage-first heap   total 131072K, used 3072K [0x0000000081600000, 0x0000000100000000)
  region size 1024K, 5 young (5120K), 0 survivors (0K)
 Metaspace       used 2688K, capacity 4973K, committed 5120K, reserved 1056768K
  class space    used 247K, capacity 443K, committed 512K, reserved 1048576K
Heap Regions: E=young(eden), S=young(survivor), O=old, HS=humongous(starts), HC=humongous(continues), CS=collection set, F=free, A=archive, TAMS=top-at-mark-start (previous, next)
|   0|0x0000000081600000, 0x0000000081600000, 0x0000000081700000|  0%| F|  |TAMS 0x0000000081600000, 0x0000000081600000| Untracked 
|   1|0x0000000081700000, 0x0000000081700000, 0x0000000081800000|  0%| F|  |TAMS 0x0000000081700000, 0x0000000081700000| Untracked 
|   2|0x0000000081800000, 0x0000000081800000, 0x0000000081900000|  0%| F|  |TAMS 0x0000000081800000, 0x0000000081800000| Untracked 
|   3|0x0000000081900000, 0x0000000081900000, 0x0000000081a00000|  0%| F|  |TAMS 0x0000000081900000, 0x0000000081900000| Untracked 
|   4|0x0000000081a00000, 0x0000000081a00000, 0x0000000081b00000|  0%| F|  |TAMS 0x0000000081a00000, 0x0000000081a00000| Untracked 
|   5|0x0000000081b00000, 0x0000000081b00000, 0x0000000081c00000|  0%| F|  |TAMS 0x0000000081b00000, 0x0000000081b00000| Untracked 
|   6|0x0000000081c00000, 0x0000000081c00000, 0x0000000081d00000|  0%| F|  |TAMS 0x0000000081c00000, 0x0000000081c00000| Untracked 
|   7|0x0000000081d00000, 0x0000000081d00000, 0x0000000081e00000|  0%| F|  |TAMS 0x0000000081d00000, 0x0000000081d00000| Untracked 
|   8|0x0000000081e00000, 0x0000000081e00000, 0x0000000081f00000|  0%| F|  |TAMS 0x0000000081e00000, 0x0000000081e00000| Untracked 
|   9|0x0000000081f00000, 0x0000000081f00000, 0x0000000082000000|  0%| F|  |TAMS 0x0000000081f00000, 0x0000000081f00000| Untracked 
|  10|0x0000000082000000, 0x0000000082000000, 0x0000000082100000|  0%| F|  |TAMS 0x0000000082000000, 0x0000000082000000| Untracked 
|  11|0x0000000082100000, 0x0000000082100000, 0x0000000082200000|  0%| F|  |TAMS 0x0000000082100000, 0x0000000082100000| Untracked 
|  12|0x0000000082200000, 0x0000000082200000, 0x0000000082300000|  0%| F|  |TAMS 0x0000000082200000, 0x0000000082200000| Untracked 
|  13|0x0000000082300000, 0x0000000082300000, 0x0000000082400000|  0%| F|  |TAMS 0x0000000082300000, 0x0000000082300000| Untracked 
|  14|0x0000000082400000, 0x0000000082400000, 0x0000000082500000|  0%| F|  |TAMS 0x0000000082400000, 0x0000000082400000| Untracked 
|  15|0x0000000082500000, 0x0000000082500000, 0x0000000082600000|  0%| F|  |TAMS 0x0000000082500000, 0x0000000082500000| Untracked 
|  16|0x0000000082600000, 0x0000000082600000, 0x0000000082700000|  0%| F|  |TAMS 0x0000000082600000, 0x0000000082600000| Untracked 
|  17|0x0000000082700000, 0x0000000082700000, 0x0000000082800000|  0%| F|  |TAMS 0x0000000082700000, 0x0000000082700000| Untracked 
|  18|0x0000000082800000, 0x0000000082800000, 0x0000000082900000|  0%| F|  |TAMS 0x0000000082800000, 0x0000000082800000| Untracked 
|  19|0x0000000082900000, 0x0000000082900000, 0x0000000082a00000|  0%| F|  |TAMS 0x0000000082900000, 0x0000000082900000| Untracked 
|  20|0x0000000082a00000, 0x0000000082a00000, 0x0000000082b00000|  0%| F|  |TAMS 0x0000000082a00000, 0x0000000082a00000| Untracked 
|  21|0x0000000082b00000, 0x0000000082b00000, 0x0000000082c00000|  0%| F|  |TAMS 0x0000000082b00000, 0x0000000082b00000| Untracked 
|  22|0x0000000082c00000, 0x0000000082c00000, 0x0000000082d00000|  0%| F|  |TAMS 0x0000000082c00000, 0x0000000082c00000| Untracked 
|  23|0x0000000082d00000, 0x0000000082d00000, 0x0000000082e00000|  0%| F|  |TAMS 0x0000000082d00000, 0x0000000082d00000| Untracked 
|  24|0x0000000082e00000, 0x0000000082e00000, 0x0000000082f00000|  0%| F|  |TAMS 0x0000000082e00000, 0x0000000082e00000| Untracked 
|  25|0x0000000082f00000, 0x0000000082f00000, 0x0000000083000000|  0%| F|  |TAMS 0x0000000082f00000, 0x0000000082f00000| Untracked 
|  26|0x0000000083000000, 0x0000000083000000, 0x0000000083100000|  0%| F|  |TAMS 0x0000000083000000, 0x0000000083000000| Untracked 
|  27|0x0000000083100000, 0x0000000083100000, 0x0000000083200000|  0%| F|  |TAMS 0x0000000083100000, 0x0000000083100000| Untracked 
|  28|0x0000000083200000, 0x0000000083200000, 0x0000000083300000|  0%| F|  |TAMS 0x0000000083200000, 0x0000000083200000| Untracked 
|  29|0x0000000083300000, 0x0000000083300000, 0x0000000083400000|  0%| F|  |TAMS 0x0000000083300000, 0x0000000083300000| Untracked 
|  30|0x0000000083400000, 0x0000000083400000, 0x0000000083500000|  0%| F|  |TAMS 0x0000000083400000, 0x0000000083400000| Untracked 
|  31|0x0000000083500000, 0x0000000083500000, 0x0000000083600000|  0%| F|  |TAMS 0x0000000083500000, 0x0000000083500000| Untracked 
|  32|0x0000000083600000, 0x0000000083600000, 0x0000000083700000|  0%| F|  |TAMS 0x0000000083600000, 0x0000000083600000| Untracked 
|  33|0x0000000083700000, 0x0000000083700000, 0x0000000083800000|  0%| F|  |TAMS 0x0000000083700000, 0x0000000083700000| Untracked 
|  34|0x0000000083800000, 0x0000000083800000, 0x0000000083900000|  0%| F|  |TAMS 0x0000000083800000, 0x0000000083800000| Untracked 
|  35|0x0000000083900000, 0x0000000083900000, 0x0000000083a00000|  0%| F|  |TAMS 0x0000000083900000, 0x0000000083900000| Untracked 
|  36|0x0000000083a00000, 0x0000000083a00000, 0x0000000083b00000|  0%| F|  |TAMS 0x0000000083a00000, 0x0000000083a00000| Untracked 
|  37|0x0000000083b00000, 0x0000000083b00000, 0x0000000083c00000|  0%| F|  |TAMS 0x0000000083b00000, 0x0000000083b00000| Untracked 
|  38|0x0000000083c00000, 0x0000000083c00000, 0x0000000083d00000|  0%| F|  |TAMS 0x0000000083c00000, 0x0000000083c00000| Untracked 
|  39|0x0000000083d00000, 0x0000000083d00000, 0x0000000083e00000|  0%| F|  |TAMS 0x0000000083d00000, 0x0000000083d00000| Untracked 
|  40|0x0000000083e00000, 0x0000000083e00000, 0x0000000083f00000|  0%| F|  |TAMS 0x0000000083e00000, 0x0000000083e00000| Untracked 
|  41|0x0000000083f00000, 0x0000000083f00000, 0x0000000084000000|  0%| F|  |TAMS 0x0000000083f00000, 0x0000000083f00000| Untracked 
|  42|0x0000000084000000, 0x0000000084000000, 0x0000000084100000|  0%| F|  |TAMS 0x0000000084000000, 0x0000000084000000| Untracked 
|  43|0x0000000084100000, 0x0000000084100000, 0x0000000084200000|  0%| F|  |TAMS 0x0000000084100000, 0x0000000084100000| Untracked 
|  44|0x0000000084200000, 0x0000000084200000, 0x0000000084300000|  0%| F|  |TAMS 0x0000000084200000, 0x0000000084200000| Untracked 
|  45|0x0000000084300000, 0x0000000084300000, 0x0000000084400000|  0%| F|  |TAMS 0x0000000084300000, 0x0000000084300000| Untracked 
|  46|0x0000000084400000, 0x0000000084400000, 0x0000000084500000|  0%| F|  |TAMS 0x0000000084400000, 0x0000000084400000| Untracked 
|  47|0x0000000084500000, 0x0000000084500000, 0x0000000084600000|  0%| F|  |TAMS 0x0000000084500000, 0x0000000084500000| Untracked 
|  48|0x0000000084600000, 0x0000000084600000, 0x0000000084700000|  0%| F|  |TAMS 0x0000000084600000, 0x0000000084600000| Untracked 
|  49|0x0000000084700000, 0x0000000084700000, 0x0000000084800000|  0%| F|  |TAMS 0x0000000084700000, 0x0000000084700000| Untracked 
|  50|0x0000000084800000, 0x0000000084800000, 0x0000000084900000|  0%| F|  |TAMS 0x0000000084800000, 0x0000000084800000| Untracked 
|  51|0x0000000084900000, 0x0000000084900000, 0x0000000084a00000|  0%| F|  |TAMS 0x0000000084900000, 0x0000000084900000| Untracked 
|  52|0x0000000084a00000, 0x0000000084a00000, 0x0000000084b00000|  0%| F|  |TAMS 0x0000000084a00000, 0x0000000084a00000| Untracked 
|  53|0x0000000084b00000, 0x0000000084b00000, 0x0000000084c00000|  0%| F|  |TAMS 0x0000000084b00000, 0x0000000084b00000| Untracked 
|  54|0x0000000084c00000, 0x0000000084c00000, 0x0000000084d00000|  0%| F|  |TAMS 0x0000000084c00000, 0x0000000084c00000| Untracked 
|  55|0x0000000084d00000, 0x0000000084d00000, 0x0000000084e00000|  0%| F|  |TAMS 0x0000000084d00000, 0x0000000084d00000| Untracked 
|  56|0x0000000084e00000, 0x0000000084e00000, 0x0000000084f00000|  0%| F|  |TAMS 0x0000000084e00000, 0x0000000084e00000| Untracked 
|  57|0x0000000084f00000, 0x0000000084f00000, 0x0000000085000000|  0%| F|  |TAMS 0x0000000084f00000, 0x0000000084f00000| Untracked 
|  58|0x0000000085000000, 0x0000000085000000, 0x0000000085100000|  0%| F|  |TAMS 0x0000000085000000, 0x0000000085000000| Untracked 
|  59|0x0000000085100000, 0x0000000085100000, 0x0000000085200000|  0%| F|  |TAMS 0x0000000085100000, 0x0000000085100000| Untracked 
|  60|0x0000000085200000, 0x0000000085200000, 0x0000000085300000|  0%| F|  |TAMS 0x0000000085200000, 0x0000000085200000| Untracked 
|  61|0x0000000085300000, 0x0000000085300000, 0x0000000085400000|  0%| F|  |TAMS 0x0000000085300000, 0x0000000085300000| Untracked 
|  62|0x0000000085400000, 0x0000000085400000, 0x0000000085500000|  0%| F|  |TAMS 0x0000000085400000, 0x0000000085400000| Untracked 
|  63|0x0000000085500000, 0x0000000085500000, 0x0000000085600000|  0%| F|  |TAMS 0x0000000085500000, 0x0000000085500000| Untracked 
|  64|0x0000000085600000, 0x0000000085600000, 0x0000000085700000|  0%| F|  |TAMS 0x0000000085600000, 0x0000000085600000| Untracked 
|  65|0x0000000085700000, 0x0000000085700000, 0x0000000085800000|  0%| F|  |TAMS 0x0000000085700000, 0x0000000085700000| Untracked 
|  66|0x0000000085800000, 0x0000000085800000, 0x0000000085900000|  0%| F|  |TAMS 0x0000000085800000, 0x0000000085800000| Untracked 
|  67|0x0000000085900000, 0x0000000085900000, 0x0000000085a00000|  0%| F|  |TAMS 0x0000000085900000, 0x0000000085900000| Untracked 
|  68|0x0000000085a00000, 0x0000000085a00000, 0x0000000085b00000|  0%| F|  |TAMS 0x0000000085a00000, 0x0000000085a00000| Untracked 
|  69|0x0000000085b00000, 0x0000000085b00000, 0x0000000085c00000|  0%| F|  |TAMS 0x0000000085b00000, 0x0000000085b00000| Untracked 
|  70|0x0000000085c00000, 0x0000000085c00000, 0x0000000085d00000|  0%| F|  |TAMS 0x0000000085c00000, 0x0000000085c00000| Untracked 
|  71|0x0000000085d00000, 0x0000000085d00000, 0x0000000085e00000|  0%| F|  |TAMS 0x0000000085d00000, 0x0000000085d00000| Untracked 
|  72|0x0000000085e00000, 0x0000000085e00000, 0x0000000085f00000|  0%| F|  |TAMS 0x0000000085e00000, 0x0000000085e00000| Untracked 
|  73|0x0000000085f00000, 0x0000000085f00000, 0x0000000086000000|  0%| F|  |TAMS 0x0000000085f00000, 0x0000000085f00000| Untracked 
|  74|0x0000000086000000, 0x0000000086000000, 0x0000000086100000|  0%| F|  |TAMS 0x0000000086000000, 0x0000000086000000| Untracked 
|  75|0x0000000086100000, 0x0000000086100000, 0x0000000086200000|  0%| F|  |TAMS 0x0000000086100000, 0x0000000086100000| Untracked 
|  76|0x0000000086200000, 0x0000000086200000, 0x0000000086300000|  0%| F|  |TAMS 0x0000000086200000, 0x0000000086200000| Untracked 
|  77|0x0000000086300000, 0x0000000086300000, 0x0000000086400000|  0%| F|  |TAMS 0x0000000086300000, 0x0000000086300000| Untracked 
|  78|0x0000000086400000, 0x0000000086400000, 0x0000000086500000|  0%| F|  |TAMS 0x0000000086400000, 0x0000000086400000| Untracked 
|  79|0x0000000086500000, 0x0000000086500000, 0x0000000086600000|  0%| F|  |TAMS 0x0000000086500000, 0x0000000086500000| Untracked 
|  80|0x0000000086600000, 0x0000000086600000, 0x0000000086700000|  0%| F|  |TAMS 0x0000000086600000, 0x0000000086600000| Untracked 
|  81|0x0000000086700000, 0x0000000086700000, 0x0000000086800000|  0%| F|  |TAMS 0x0000000086700000, 0x0000000086700000| Untracked 
|  82|0x0000000086800000, 0x0000000086800000, 0x0000000086900000|  0%| F|  |TAMS 0x0000000086800000, 0x0000000086800000| Untracked 
|  83|0x0000000086900000, 0x0000000086900000, 0x0000000086a00000|  0%| F|  |TAMS 0x0000000086900000, 0x0000000086900000| Untracked 
|  84|0x0000000086a00000, 0x0000000086a00000, 0x0000000086b00000|  0%| F|  |TAMS 0x0000000086a00000, 0x0000000086a00000| Untracked 
|  85|0x0000000086b00000, 0x0000000086b00000, 0x0000000086c00000|  0%| F|  |TAMS 0x0000000086b00000, 0x0000000086b00000| Untracked 
|  86|0x0000000086c00000, 0x0000000086c00000, 0x0000000086d00000|  0%| F|  |TAMS 0x0000000086c00000, 0x0000000086c00000| Untracked 
|  87|0x0000000086d00000, 0x0000000086d00000, 0x0000000086e00000|  0%| F|  |TAMS 0x0000000086d00000, 0x0000000086d00000| Untracked 
|  88|0x0000000086e00000, 0x0000000086e00000, 0x0000000086f00000|  0%| F|  |TAMS 0x0000000086e00000, 0x0000000086e00000| Untracked 
|  89|0x0000000086f00000, 0x0000000086f00000, 0x0000000087000000|  0%| F|  |TAMS 0x0000000086f00000, 0x0000000086f00000| Untracked 
|  90|0x0000000087000000, 0x0000000087000000, 0x0000000087100000|  0%| F|  |TAMS 0x0000000087000000, 0x0000000087000000| Untracked 
|  91|0x0000000087100000, 0x0000000087100000, 0x0000000087200000|  0%| F|  |TAMS 0x0000000087100000, 0x0000000087100000| Untracked 
|  92|0x0000000087200000, 0x0000000087200000, 0x0000000087300000|  0%| F|  |TAMS 0x0000000087200000, 0x0000000087200000| Untracked 
|  93|0x0000000087300000, 0x0000000087300000, 0x0000000087400000|  0%| F|  |TAMS 0x0000000087300000, 0x0000000087300000| Untracked 
|  94|0x0000000087400000, 0x0000000087400000, 0x0000000087500000|  0%| F|  |TAMS 0x0000000087400000, 0x0000000087400000| Untracked 
|  95|0x0000000087500000, 0x0000000087500000, 0x0000000087600000|  0%| F|  |TAMS 0x0000000087500000, 0x0000000087500000| Untracked 
|  96|0x0000000087600000, 0x0000000087600000, 0x0000000087700000|  0%| F|  |TAMS 0x0000000087600000, 0x0000000087600000| Untracked 
|  97|0x0000000087700000, 0x0000000087700000, 0x0000000087800000|  0%| F|  |TAMS 0x0000000087700000, 0x0000000087700000| Untracked 
|  98|0x0000000087800000, 0x0000000087800000, 0x0000000087900000|  0%| F|  |TAMS 0x0000000087800000, 0x0000000087800000| Untracked 
|  99|0x0000000087900000, 0x0000000087900000, 0x0000000087a00000|  0%| F|  |TAMS 0x0000000087900000, 0x0000000087900000| Untracked 
| 100|0x0000000087a00000, 0x0000000087a00000, 0x0000000087b00000|  0%| F|  |TAMS 0x0000000087a00000, 0x0000000087a00000| Untracked 
| 101|0x0000000087b00000, 0x0000000087b00000, 0x0000000087c00000|  0%| F|  |TAMS 0x0000000087b00000, 0x0000000087b00000| Untracked 
| 102|0x0000000087c00000, 0x0000000087c00000, 0x0000000087d00000|  0%| F|  |TAMS 0x0000000087c00000, 0x0000000087c00000| Untracked 
| 103|0x0000000087d00000, 0x0000000087d00000, 0x0000000087e00000|  0%| F|  |TAMS 0x0000000087d00000, 0x0000000087d00000| Untracked 
| 104|0x0000000087e00000, 0x0000000087e00000, 0x0000000087f00000|  0%| F|  |TAMS 0x0000000087e00000, 0x0000000087e00000| Untracked 
| 105|0x0000000087f00000, 0x0000000087f00000, 0x0000000088000000|  0%| F|  |TAMS 0x0000000087f00000, 0x0000000087f00000| Untracked 
| 106|0x0000000088000000, 0x0000000088000000, 0x0000000088100000|  0%| F|  |TAMS 0x0000000088000000, 0x0000000088000000| Untracked 
| 107|0x0000000088100000, 0x0000000088100000, 0x0000000088200000|  0%| F|  |TAMS 0x0000000088100000, 0x0000000088100000| Untracked 
| 108|0x0000000088200000, 0x0000000088200000, 0x0000000088300000|  0%| F|  |TAMS 0x0000000088200000, 0x0000000088200000| Untracked 
| 109|0x0000000088300000, 0x0000000088300000, 0x0000000088400000|  0%| F|  |TAMS 0x0000000088300000, 0x0000000088300000| Untracked 
| 110|0x0000000088400000, 0x0000000088400000, 0x0000000088500000|  0%| F|  |TAMS 0x0000000088400000, 0x0000000088400000| Untracked 
| 111|0x0000000088500000, 0x0000000088500000, 0x0000000088600000|  0%| F|  |TAMS 0x0000000088500000, 0x0000000088500000| Untracked 
| 112|0x0000000088600000, 0x0000000088600000, 0x0000000088700000|  0%| F|  |TAMS 0x0000000088600000, 0x0000000088600000| Untracked 
| 113|0x0000000088700000, 0x0000000088700000, 0x0000000088800000|  0%| F|  |TAMS 0x0000000088700000, 0x0000000088700000| Untracked 
| 114|0x0000000088800000, 0x0000000088800000, 0x0000000088900000|  0%| F|  |TAMS 0x0000000088800000, 0x0000000088800000| Untracked 
| 115|0x0000000088900000, 0x0000000088900000, 0x0000000088a00000|  0%| F|  |TAMS 0x0000000088900000, 0x0000000088900000| Untracked 
| 116|0x0000000088a00000, 0x0000000088a00000, 0x0000000088b00000|  0%| F|  |TAMS 0x0000000088a00000, 0x0000000088a00000| Untracked 
| 117|0x0000000088b00000, 0x0000000088b00000, 0x0000000088c00000|  0%| F|  |TAMS 0x0000000088b00000, 0x0000000088b00000| Untracked 
| 118|0x0000000088c00000, 0x0000000088c00000, 0x0000000088d00000|  0%| F|  |TAMS 0x0000000088c00000, 0x0000000088c00000| Untracked 
| 119|0x0000000088d00000, 0x0000000088d00000, 0x0000000088e00000|  0%| F|  |TAMS 0x0000000088d00000, 0x0000000088d00000| Untracked 
| 120|0x0000000088e00000, 0x0000000088e00000, 0x0000000088f00000|  0%| F|  |TAMS 0x0000000088e00000, 0x0000000088e00000| Untracked 
| 121|0x0000000088f00000, 0x0000000088f00000, 0x0000000089000000|  0%| F|  |TAMS 0x0000000088f00000, 0x0000000088f00000| Untracked 
| 122|0x0000000089000000, 0x0000000089000000, 0x0000000089100000|  0%| F|  |TAMS 0x0000000089000000, 0x0000000089000000| Untracked 
| 123|0x0000000089100000, 0x000000008918cac0, 0x0000000089200000| 54%| E|  |TAMS 0x0000000089100000, 0x0000000089100000| Complete 
| 124|0x0000000089200000, 0x0000000089300000, 0x0000000089300000|100%| E|CS|TAMS 0x0000000089200000, 0x0000000089200000| Complete 
| 125|0x0000000089300000, 0x0000000089400000, 0x0000000089400000|100%| E|  |TAMS 0x0000000089300000, 0x0000000089300000| Complete 
| 126|0x0000000089400000, 0x0000000089500000, 0x0000000089500000|100%| E|CS|TAMS 0x0000000089400000, 0x0000000089400000| Complete 
| 127|0x0000000089500000, 0x0000000089600000, 0x0000000089600000|100%| E|CS|TAMS 0x0000000089500000, 0x0000000089500000| Complete 

Card table byte_map: [0x000001df2fa30000,0x000001df2fe30000] _byte_map_base: 0x000001df2f625000

Marking Bits (Prev, Next): (CMBitMap*) 0x000001df160172b8, (CMBitMap*) 0x000001df160172f8
 Prev Bits: [0x000001df30230000, 0x000001df321d8000)
 Next Bits: [0x000001df321e0000, 0x000001df34188000)

Polling page: 0x000001df160b0000

Metaspace:

Usage:
  Non-class:      4.42 MB capacity,     2.38 MB ( 54%) used,     2.04 MB ( 46%) free+waste,     2.81 KB ( <1%) overhead. 
      Class:    443.00 KB capacity,   247.74 KB ( 56%) used,   193.70 KB ( 44%) free+waste,     1.56 KB ( <1%) overhead. 
       Both:      4.86 MB capacity,     2.63 MB ( 54%) used,     2.23 MB ( 46%) free+waste,     4.38 KB ( <1%) overhead. 

Virtual space:
  Non-class space:        8.00 MB reserved,       4.50 MB ( 56%) committed 
      Class space:        1.00 GB reserved,     512.00 KB ( <1%) committed 
             Both:        1.01 GB reserved,       5.00 MB ( <1%) committed 

Chunk freelists:
   Non-Class:  1.75 KB
       Class:  640 bytes
        Both:  2.38 KB

CodeHeap 'non-profiled nmethods': size=120000Kb used=117Kb max_used=117Kb free=119882Kb
 bounds [0x000001df276a0000, 0x000001df27910000, 0x000001df2ebd0000]
CodeHeap 'profiled nmethods': size=120000Kb used=641Kb max_used=641Kb free=119358Kb
 bounds [0x000001df20170000, 0x000001df203e0000, 0x000001df276a0000]
CodeHeap 'non-nmethods': size=5760Kb used=1159Kb max_used=1174Kb free=4601Kb
 bounds [0x000001df1fbd0000, 0x000001df1fe40000, 0x000001df20170000]
 total_blobs=873 nmethods=420 adapters=272
 compilation: enabled
              stopped_count=0, restarted_count=0
 full_count=0

Compilation events (10 events):
Event: 319.745 Thread 0x000001df36c94000  417       3       org.eclipse.jdt.launching.internal.org.objectweb.asm.ByteVector::put122 (93 bytes)
Event: 319.745 Thread 0x000001df36c94000 nmethod 417 0x000001df2020cf90 code [0x000001df2020d160, 0x000001df2020d470]
Event: 319.747 Thread 0x000001df36c94000  418       3       org.eclipse.jdt.launching.internal.org.objectweb.asm.SymbolTable::addConstantUtf8Reference (101 bytes)
Event: 319.747 Thread 0x000001df36c94000 nmethod 418 0x000001df2020d690 code [0x000001df2020d8e0, 0x000001df2020e000]
Event: 319.747 Thread 0x000001df36c94000  420       3       org.eclipse.jdt.launching.internal.org.objectweb.asm.ClassReader::readStackMapFrame (535 bytes)
Event: 319.752 Thread 0x000001df36c94000 nmethod 420 0x000001df2020e390 code [0x000001df2020e680, 0x000001df2020fa00]
Event: 319.752 Thread 0x000001df36c94000  419       3       org.eclipse.jdt.launching.internal.org.objectweb.asm.SymbolTable::addConstantClass (8 bytes)
Event: 319.752 Thread 0x000001df36c94000 nmethod 419 0x000001df20210210 code [0x000001df202103e0, 0x000001df202105b0]
Event: 319.752 Thread 0x000001df36c94000  421       1       org.eclipse.jdt.launching.internal.org.objectweb.asm.SymbolTable::getMajorVersion (5 bytes)
Event: 319.752 Thread 0x000001df36c94000 nmethod 421 0x000001df276bd290 code [0x000001df276bd440, 0x000001df276bd578]

GC Heap History (0 events):
No events

Deoptimization events (3 events):
Event: 0.474 Thread 0x000001df15fd9000 Uncommon trap: reason=class_check action=maybe_recompile pc=0x000001df276ae3b0 method=java.util.HashMap.putVal(ILjava/lang/Object;Ljava/lang/Object;ZZ)Ljava/lang/Object; @ 152 c2
Event: 0.506 Thread 0x000001df15fd9000 Uncommon trap: reason=unstable_if action=reinterpret pc=0x000001df276ae4b8 method=java.util.HashMap.putVal(ILjava/lang/Object;Ljava/lang/Object;ZZ)Ljava/lang/Object; @ 181 c2
Event: 0.675 Thread 0x000001df15fd9000 Uncommon trap: reason=unstable_if action=reinterpret pc=0x000001df276af428 method=java.lang.String.isLatin1()Z @ 10 c2

Classes redefined (7 events):
Event: 124.547 Thread 0x000001df36c63800 redefined class name=Lexer, count=1
Event: 173.223 Thread 0x000001df36c63800 redefined class name=Lexer, count=2
Event: 195.431 Thread 0x000001df36c63800 redefined class name=Lexer, count=3
Event: 203.289 Thread 0x000001df36c63800 redefined class name=Lexer, count=4
Event: 213.268 Thread 0x000001df36c63800 redefined class name=Main, count=1
Event: 241.094 Thread 0x000001df36c63800 redefined class name=Lexer, count=5
Event: 319.750 Thread 0x000001df36c63800 redefined class name=Lexer, count=6

Internal exceptions (0 events):
No events

Events (10 events):
Event: 319.900 Executing VM operation: GetOwnedMonitorInfo done
Event: 319.995 Executing VM operation: GetFrameCount
Event: 319.995 Executing VM operation: GetFrameCount done
Event: 319.996 Executing VM operation: GetOwnedMonitorInfo
Event: 319.996 Executing VM operation: GetOwnedMonitorInfo done
Event: 319.996 Executing VM operation: GetCurrentContendedMonitor
Event: 319.996 Executing VM operation: GetCurrentContendedMonitor done
Event: 319.999 Executing VM operation: GetFrameLocation
Event: 319.999 Executing VM operation: GetFrameLocation done
Event: 319.999 Executing VM operation: GetOrSetLocal


Dynamic libraries:
0x00007ff61e190000 - 0x00007ff61e19f000 	C:\Program Files\Java\jdk-12.0.1\bin\javaw.exe
0x00007ffd7c250000 - 0x00007ffd7c43d000 	C:\Windows\SYSTEM32\ntdll.dll
0x00007ffd7adb0000 - 0x00007ffd7ae63000 	C:\Windows\System32\KERNEL32.DLL
0x00007ffd784c0000 - 0x00007ffd78753000 	C:\Windows\System32\KERNELBASE.dll
0x00007ffd78390000 - 0x00007ffd7848a000 	C:\Windows\System32\ucrtbase.dll
0x00007ffd6c940000 - 0x00007ffd6c956000 	C:\Program Files\Java\jdk-12.0.1\bin\VCRUNTIME140.dll
0x00007ffd6ca20000 - 0x00007ffd6ca38000 	C:\Program Files\Java\jdk-12.0.1\bin\jli.dll
0x00007ffd79470000 - 0x00007ffd79513000 	C:\Windows\System32\ADVAPI32.dll
0x00007ffd7bd10000 - 0x00007ffd7bdae000 	C:\Windows\System32\msvcrt.dll
0x00007ffd7c0b0000 - 0x00007ffd7c14e000 	C:\Windows\System32\sechost.dll
0x00007ffd7ae70000 - 0x00007ffd7af92000 	C:\Windows\System32\RPCRT4.dll
0x00007ffd7bf10000 - 0x00007ffd7c0a7000 	C:\Windows\System32\USER32.dll
0x00007ffd5ffe0000 - 0x00007ffd60259000 	C:\Windows\WinSxS\amd64_microsoft.windows.common-controls_6595b64144ccf1df_6.0.17763.802_none_05b1445c0722d2cc\COMCTL32.dll
0x00007ffd78760000 - 0x00007ffd78780000 	C:\Windows\System32\win32u.dll
0x00007ffd7b9e0000 - 0x00007ffd7bd0c000 	C:\Windows\System32\combase.dll
0x00007ffd7b070000 - 0x00007ffd7b099000 	C:\Windows\System32\GDI32.dll
0x00007ffd787d0000 - 0x00007ffd78969000 	C:\Windows\System32\gdi32full.dll
0x00007ffd79210000 - 0x00007ffd7928e000 	C:\Windows\System32\bcryptPrimitives.dll
0x00007ffd78970000 - 0x00007ffd78a10000 	C:\Windows\System32\msvcp_win.dll
0x00007ffd71b10000 - 0x00007ffd71b1a000 	C:\Windows\SYSTEM32\VERSION.dll
0x00007ffd7b9b0000 - 0x00007ffd7b9de000 	C:\Windows\System32\IMM32.DLL
0x00007ffd51df0000 - 0x00007ffd51e9a000 	C:\Program Files\Java\jdk-12.0.1\bin\msvcp140.dll
0x00007ffd35330000 - 0x00007ffd35ea4000 	C:\Program Files\Java\jdk-12.0.1\bin\server\jvm.dll
0x00007ffd7afa0000 - 0x00007ffd7afa8000 	C:\Windows\System32\PSAPI.DLL
0x00007ffd66a10000 - 0x00007ffd66a19000 	C:\Windows\SYSTEM32\WSOCK32.dll
0x00007ffd75c70000 - 0x00007ffd75c94000 	C:\Windows\SYSTEM32\WINMM.dll
0x00007ffd7b290000 - 0x00007ffd7b2fd000 	C:\Windows\System32\WS2_32.dll
0x00007ffd759c0000 - 0x00007ffd759ed000 	C:\Windows\SYSTEM32\winmmbase.dll
0x00007ffd78780000 - 0x00007ffd787ca000 	C:\Windows\System32\cfgmgr32.dll
0x00007ffd78240000 - 0x00007ffd78251000 	C:\Windows\System32\kernel.appcore.dll
0x00007ffd6cb00000 - 0x00007ffd6cb11000 	C:\Program Files\Java\jdk-12.0.1\bin\verify.dll
0x00007ffd67110000 - 0x00007ffd672fd000 	C:\Windows\SYSTEM32\DBGHELP.DLL
0x00007ffd673b0000 - 0x00007ffd673da000 	C:\Windows\SYSTEM32\dbgcore.DLL
0x00007ffd6c8e0000 - 0x00007ffd6c906000 	C:\Program Files\Java\jdk-12.0.1\bin\java.dll
0x00007ffd6c670000 - 0x00007ffd6c6a8000 	C:\Program Files\Java\jdk-12.0.1\bin\jdwp.dll
0x00007ffd74bf0000 - 0x00007ffd74bfe000 	C:\Program Files\Java\jdk-12.0.1\bin\instrument.dll
0x00007ffd6c880000 - 0x00007ffd6c897000 	C:\Program Files\Java\jdk-12.0.1\bin\zip.dll
0x00007ffd74af0000 - 0x00007ffd74afa000 	C:\Program Files\Java\jdk-12.0.1\bin\jimage.dll
0x00007ffd79580000 - 0x00007ffd7aa74000 	C:\Windows\System32\SHELL32.dll
0x00007ffd7aa80000 - 0x00007ffd7ab28000 	C:\Windows\System32\shcore.dll
0x00007ffd78ac0000 - 0x00007ffd7920d000 	C:\Windows\System32\windows.storage.dll
0x00007ffd78280000 - 0x00007ffd782a4000 	C:\Windows\System32\profapi.dll
0x00007ffd782b0000 - 0x00007ffd7830d000 	C:\Windows\System32\powrprof.dll
0x00007ffd7b230000 - 0x00007ffd7b282000 	C:\Windows\System32\shlwapi.dll
0x00007ffd78310000 - 0x00007ffd78327000 	C:\Windows\System32\cryptsp.dll
0x00007ffd74ae0000 - 0x00007ffd74aea000 	C:\Program Files\Java\jdk-12.0.1\bin\dt_socket.dll
0x00007ffd77ab0000 - 0x00007ffd77b17000 	C:\Windows\System32\mswsock.dll
0x00007ffd77810000 - 0x00007ffd778d6000 	C:\Windows\SYSTEM32\DNSAPI.dll
0x00007ffd7afb0000 - 0x00007ffd7afb8000 	C:\Windows\System32\NSI.dll
0x00007ffd777d0000 - 0x00007ffd7780d000 	C:\Windows\SYSTEM32\IPHLPAPI.DLL
0x00007ffd6c0f0000 - 0x00007ffd6c169000 	C:\Windows\System32\fwpuclnt.dll
0x00007ffd78490000 - 0x00007ffd784b6000 	C:\Windows\System32\bcrypt.dll
0x00007ffd6c0c0000 - 0x00007ffd6c0ca000 	C:\Windows\System32\rasadhlp.dll
0x00007ffd6c610000 - 0x00007ffd6c629000 	C:\Program Files\Java\jdk-12.0.1\bin\net.dll
0x00007ffd6b5d0000 - 0x00007ffd6b7a7000 	C:\Windows\SYSTEM32\urlmon.dll
0x00007ffd6c170000 - 0x00007ffd6c262000 	C:\Windows\SYSTEM32\WINHTTP.dll
0x00007ffd6b280000 - 0x00007ffd6b528000 	C:\Windows\SYSTEM32\iertutil.dll
0x00007ffd77c80000 - 0x00007ffd77c8c000 	C:\Windows\SYSTEM32\CRYPTBASE.DLL
0x00007ffd61820000 - 0x00007ffd61833000 	C:\Program Files\Java\jdk-12.0.1\bin\nio.dll

dbghelp: loaded successfully - version: 4.0.5 - missing functions: none
symbol engine: initialized successfully - sym options: 0x614 - pdb path: .;C:\Program Files\Java\jdk-12.0.1\bin;C:\Windows\SYSTEM32;C:\Windows\WinSxS\amd64_microsoft.windows.common-controls_6595b64144ccf1df_6.0.17763.802_none_05b1445c0722d2cc;C:\Program Files\Java\jdk-12.0.1\bin\server

VM Arguments:
jvm_args: -agentlib:jdwp=transport=dt_socket,suspend=y,address=localhost:54478 -javaagent:C:\Users\Luiz Carlos Moitinho\eclipse\java-2019-06\eclipse\configuration\org.eclipse.osgi\226\0\.cp\lib\javaagent-shaded.jar -Dfile.encoding=Cp1252 
java_command: Main
java_class_path (initial): C:\Users\Luiz Carlos Moitinho\eclipse-workspace\AnaliseLexica\bin
Launcher Type: SUN_STANDARD

[Global flags]
     intx CICompilerCount                          = 4                                         {product} {ergonomic}
     uint ConcGCThreads                            = 2                                         {product} {ergonomic}
     uint G1ConcRefinementThreads                  = 8                                         {product} {ergonomic}
   size_t G1HeapRegionSize                         = 1048576                                   {product} {ergonomic}
    uintx GCDrainStackTargetSize                   = 64                                        {product} {ergonomic}
   size_t InitialHeapSize                          = 134217728                                 {product} {ergonomic}
   size_t MarkStackSize                            = 4194304                                   {product} {ergonomic}
   size_t MaxHeapSize                              = 2124414976                                {product} {ergonomic}
   size_t MaxNewSize                               = 1274019840                                {product} {ergonomic}
   size_t MinHeapDeltaBytes                        = 1048576                                   {product} {ergonomic}
    uintx NonNMethodCodeHeapSize                   = 5836300                                {pd product} {ergonomic}
    uintx NonProfiledCodeHeapSize                  = 122910970                              {pd product} {ergonomic}
    uintx ProfiledCodeHeapSize                     = 122910970                              {pd product} {ergonomic}
    uintx ReservedCodeCacheSize                    = 251658240                              {pd product} {ergonomic}
     bool SegmentedCodeCache                       = true                                      {product} {ergonomic}
     bool UseCompressedClassPointers               = true                                 {lp64_product} {ergonomic}
     bool UseCompressedOops                        = true                                 {lp64_product} {ergonomic}
     bool UseG1GC                                  = true                                      {product} {ergonomic}
     bool UseLargePagesIndividualAllocation        = false                                  {pd product} {ergonomic}

Logging:
Log output configuration:
 #0: stdout all=warning uptime,level,tags
 #1: stderr all=off uptime,level,tags

Environment Variables:
PATH=C:/Program Files/Java/jdk-12.0.1/bin/server;C:/Program Files/Java/jdk-12.0.1/bin;C:\Windows\system32;C:\Windows;C:\Windows\System32\Wbem;C:\Windows\System32\WindowsPowerShell\v1.0\;C:\Windows\System32\OpenSSH\;C:\Program Files\Git\cmd;"C:\Programs\Python\Python37-32;C:\Programs\Python\Python37-32\Scripts";C:\Program Files\MySQL\MySQL Shell 8.0\bin\;C:\Users\Luiz Carlos Moitinho\AppData\Local\Programs\Microsoft VS Code\bin;C:\Users\Luiz Carlos Moitinho\Downloads\php-7.3.7-nts-Win32-VC15-x64;C:\Users\Luiz Carlos Moitinho\AppData\Local\Programs\Python\Python37-32;C:\Windows;
USERNAME=Luiz Carlos Moitinho
OS=Windows_NT
PROCESSOR_IDENTIFIER=Intel64 Family 6 Model 142 Stepping 10, GenuineIntel



---------------  S Y S T E M  ---------------

OS: Windows 10 , 64 bit Build 17763 (10.0.17763.475)

CPU:total 8 (initial active 8) (4 cores per cpu, 2 threads per core) family 6 model 142 stepping 10, cmov, cx8, fxsr, mmx, sse, sse2, sse3, ssse3, sse4.1, sse4.2, popcnt, avx, avx2, aes, clmul, erms, 3dnowpref, lzcnt, ht, tsc, tscinvbit, bmi1, bmi2, adx, fma

Memory: 4k page, system-wide physical 8101M (3957M free)
TotalPageFile size 10277M (AvailPageFile size 3843M)
current process WorkingSet (physical memory assigned to process): 41M, peak: 42M
current process commit charge ("private bytes"): 222M, peak: 224M

vm_info: Java HotSpot(TM) 64-Bit Server VM (12.0.1+12) for windows-amd64 JRE (12.0.1+12), built on Apr  2 2019 14:02:19 by "mach5one" with MS VC++ 15.5 (VS2017)

END.
